<?xml version="1.0" encoding="UTF-8"?>
<!-- Generated by org.testng.reporters.JUnitXMLReporter -->
<testsuite hostname="DESKTOP-HG2H4TK" ignored="3" name="Surefire test" tests="12" failures="0" timestamp="27 May 2019 01:17:48 GMT" time="0.05" errors="0">
  <testcase name="@BeforeClass setUp" time="0.0" classname="com.selenium.hackathon.tests.freeTrailTest">
    <failure type="org.testng.TestNGException" message="
Parameter &amp;apos;browser&amp;apos; is required by BeforeClass on method setUp but has not been marked @Optional or defined
">
      <![CDATA[org.testng.TestNGException: 
Parameter 'browser' is required by BeforeClass on method setUp but has not been marked @Optional or defined

... Removed 28 stack frames]]>
    </failure>
  </testcase> <!-- @BeforeClass setUp -->
  <testcase name="@BeforeClass setUp" time="0.0" classname="com.selenium.hackathon.tests.homePageTest">
    <failure type="org.testng.TestNGException" message="
Parameter &amp;apos;browser&amp;apos; is required by BeforeClass on method setUp but has not been marked @Optional or defined
">
      <![CDATA[org.testng.TestNGException: 
Parameter 'browser' is required by BeforeClass on method setUp but has not been marked @Optional or defined

... Removed 28 stack frames]]>
    </failure>
  </testcase> <!-- @BeforeClass setUp -->
  <testcase name="@BeforeClass setUp" time="0.0" classname="com.selenium.hackathon.tests.loginTest">
    <failure type="org.testng.TestNGException" message="
Parameter &amp;apos;browser&amp;apos; is required by BeforeClass on method setUp but has not been marked @Optional or defined
">
      <![CDATA[org.testng.TestNGException: 
Parameter 'browser' is required by BeforeClass on method setUp but has not been marked @Optional or defined

... Removed 28 stack frames]]>
    </failure>
  </testcase> <!-- @BeforeClass setUp -->
  <testcase name="@BeforeClass setUp" time="0.0" classname="com.selenium.hackathon.tests.newLoginTest">
    <failure type="org.testng.TestNGException" message="
Parameter &amp;apos;browser&amp;apos; is required by BeforeClass on method setUp but has not been marked @Optional or defined
">
      <![CDATA[org.testng.TestNGException: 
Parameter 'browser' is required by BeforeClass on method setUp but has not been marked @Optional or defined

... Removed 28 stack frames]]>
    </failure>
  </testcase> <!-- @BeforeClass setUp -->
  <testcase name="C_SignUpToXDC" time="0.0" classname="com.selenium.hackathon.tests.freeTrailTest">
    <skipped/>
  </testcase> <!-- C_SignUpToXDC -->
  <testcase name="D_SignUpToXDC" time="0.0" classname="com.selenium.hackathon.tests.freeTrailTest">
    <skipped/>
  </testcase> <!-- D_SignUpToXDC -->
  <testcase name="E_SignUpToXDC" time="0.0" classname="com.selenium.hackathon.tests.freeTrailTest">
    <skipped/>
  </testcase> <!-- E_SignUpToXDC -->
  <testcase name="logOutFunctionality" time="0.0" classname="com.selenium.hackathon.tests.homePageTest">
    <skipped/>
  </testcase> <!-- logOutFunctionality -->
  <testcase name="incorrectEmail" time="0.0" classname="com.selenium.hackathon.tests.loginTest">
    <skipped/>
  </testcase> <!-- incorrectEmail -->
  <testcase name="incorrectEmail" time="0.0" classname="com.selenium.hackathon.tests.newLoginTest">
    <skipped/>
  </testcase> <!-- incorrectEmail -->
  <testcase name="incorrectPassword" time="0.0" classname="com.selenium.hackathon.tests.loginTest">
    <skipped/>
  </testcase> <!-- incorrectPassword -->
  <testcase name="incorrectPassword" time="0.0" classname="com.selenium.hackathon.tests.newLoginTest">
    <skipped/>
  </testcase> <!-- incorrectPassword -->
  <testcase name="forgotPassword" time="0.0" classname="com.selenium.hackathon.tests.loginTest">
    <skipped/>
  </testcase> <!-- forgotPassword -->
  <testcase name="forgotPassword" time="0.0" classname="com.selenium.hackathon.tests.newLoginTest">
    <skipped/>
  </testcase> <!-- forgotPassword -->
  <testcase name="loginpageTest" time="0.0" classname="com.selenium.hackathon.tests.loginTest">
    <skipped/>
  </testcase> <!-- loginpageTest -->
  <testcase name="loginTest" time="0.0" classname="com.selenium.hackathon.tests.newLoginTest">
    <skipped/>
  </testcase> <!-- loginTest -->
  <testcase name="A_SignUpToXDC" time="0.0" classname="com.selenium.hackathon.tests.newfreetrailTest">
    <ignored/>
  </testcase> <!-- A_SignUpToXDC -->
  <testcase name="A_SignUpToXDC" time="0.0" classname="com.selenium.hackathon.tests.freeTrailTest">
    <ignored/>
  </testcase> <!-- A_SignUpToXDC -->
  <testcase name="B_SignUpToXDC" time="0.0" classname="com.selenium.hackathon.tests.freeTrailTest">
    <ignored/>
  </testcase> <!-- B_SignUpToXDC -->
</testsuite> <!-- Surefire test -->
