<?xml version="1.0" encoding="UTF-8"?>
<!-- Generated by org.testng.reporters.JUnitXMLReporter -->
<testsuite hostname="DESKTOP-HG2H4TK" name="FireFoxTest(failed)" tests="3" failures="1" timestamp="27 May 2019 00:31:49 GMT" time="25.177" errors="0">
  <testcase name="forgotPassword" time="14.179" classname="com.selenium.hackathon.tests.newLoginTest"/>
  <testcase name="incorrectEmail" time="5.608" classname="com.selenium.hackathon.tests.newLoginTest"/>
  <testcase name="incorrectPassword" time="2.539" classname="com.selenium.hackathon.tests.newLoginTest">
    <failure type="java.lang.IllegalArgumentException" message="Keys to send should be a not null CharSequence">
      <![CDATA[java.lang.IllegalArgumentException: Keys to send should be a not null CharSequence
	at org.openqa.selenium.remote.RemoteWebElement.sendKeys(RemoteWebElement.java:97)
	at org.openqa.selenium.support.pagefactory.internal.LocatingElementHandler.invoke(LocatingElementHandler.java:51)
	at com.sun.proxy.$Proxy8.sendKeys(Unknown Source)
	at com.selenium.hackathon.pages.newLoginPage.incorrectPassword(newLoginPage.java:49)
	at com.selenium.hackathon.tests.newLoginTest.incorrectPassword(newLoginTest.java:62)
	at java.util.concurrent.FutureTask.run(Unknown Source)
	at java.util.concurrent.ThreadPoolExecutor.runWorker(Unknown Source)
	at java.util.concurrent.ThreadPoolExecutor$Worker.run(Unknown Source)
	at java.lang.Thread.run(Unknown Source)
... Removed 20 stack frames]]>
    </failure>
  </testcase> <!-- incorrectPassword -->
</testsuite> <!-- FireFoxTest(failed) -->
